Arguments: 
  C:\Program Files\nodejs\node.exe C:\Program Files (x86)\Yarn\bin\yarn.js serve:dev

PATH: 
  C:\Program Files\Git\mingw64\bin;C:\Program Files\Git\usr\bin;C:\Users\cmeza\bin;C:\Program Files\Common Files\Oracle\Java\javapath;C:\Python38\Scripts;C:\Python38;C:\WINDOWS\system32;C:\WINDOWS;C:\WINDOWS\System32\Wbem;C:\WINDOWS\System32\WindowsPowerShell\v1.0;C:\Program Files\Intel\WiFi\bin;C:\Program Files\Common Files\Intel\WirelessCommon;C:\WINDOWS\System32\OpenSSH;C:\Program Files\Git\cmd;C:\Program Files\nodejs;C:\ProgramData\chocolatey\bin;C:\Program Files (x86)\Yarn\bin;C:\Program Files (x86)\Intel\Intel(R) Management Engine Components\DAL;C:\Program Files\Intel\Intel(R) Management Engine Components\DAL;C:\Users\cmeza\AppData\Local\Microsoft\WindowsApps;C:\Users\cmeza\AppData\Local\Programs\Microsoft VS Code\bin;C:\Users\cmeza\AppData\Roaming\npm;C:\Users\cmeza\AppData\Local\Yarn\bin

Yarn version: 
  1.22.5

Node version: 
  12.18.3

Platform: 
  win32 x64

Trace: 
  SyntaxError: C:\PlatziMaster\LP\02 React\React Avanzado\curso-platzi-react-avanzado\package.json: Unexpected token / in JSON at position 506
      at JSON.parse (<anonymous>)
      at C:\Program Files (x86)\Yarn\lib\cli.js:1625:59
      at Generator.next (<anonymous>)
      at step (C:\Program Files (x86)\Yarn\lib\cli.js:310:30)
      at C:\Program Files (x86)\Yarn\lib\cli.js:321:13

npm manifest: 
  {
      "name": "curso-platzi-react-avanzado",
      "version": "1.0.0",
      "description": "Repositorio con el código del [Curso Avanzado de React de Platzi](https://platzi.com/cursos/react-avanzado/)",
      "main": "index.js",
      "scripts": {
          "now-build": "npm run build",
          "build": "webpack",
          "lint": "standard",
          "dev": "webpack-dev-server --history-api-fallback",
          "test": "echo \"Error: no test specified\" && exit 1",
          "build": "webpack --mode 'development", // Genera un build en modo de producción
          "start:dev": "npx serve build -s", // Inicia un servidor de pruebas para el build generado
          "serve:dev": "webpack --mode 'development' && npx serve dist -s --open" // Corre el build y el serve para no tener que correr más de un comando
      },
      "repository": {
          "type": "git",
          "url": "git+https://github.com/midudev/curso-platzi-react-avanzado.git"
      },
      "keywords": [],
      "author": "",
      "license": "ISC",
      "bugs": {
          "url": "https://github.com/midudev/curso-platzi-react-avanzado/issues"
      },
      "homepage": "https://github.com/midudev/curso-platzi-react-avanzado#readme",
      "devDependencies": {
          "@babel/core": "^7.4.5",
          "@babel/plugin-syntax-dynamic-import": "^7.2.0",
          "@babel/preset-env": "^7.4.5",
          "@babel/preset-react": "^7.0.0",
          "babel-eslint": "^10.0.1",
          "babel-loader": "^8.0.6",
          "html-webpack-plugin": "^3.2.0",
          "standard": "^12.0.1",
          "webpack": "^4.33.0",
          "webpack-cli": "^3.3.12",
          "webpack-dev-server": "^3.11.0"
      },
      "dependencies": {
          "@reach/router": "^1.3.4",
          "apollo-boost": "^0.4.2",
          "graphql": "^14.3.1",
          "intersection-observer": "^0.7.0",
          "react": "^16.8.6",
          "react-apollo": "^2.5.6",
          "react-dom": "^16.8.6",
          "react-helmet": "^6.1.0",
          "react-icons": "^3.7.0",
          "styled-components": "^4.3.1"
      },
      "standard": {
          "ignore": [
              "/api/**"
          ]
      },
      "eslintConfig": {
          "parser": "babel-eslint",
          "extends": [
              "./node_modules/standard/eslintrc.json"
          ]
      }
  }

yarn manifest: 
  No manifest

Lockfile: 
  No lockfile
